<?xml version="1.0" encoding="UTF-8"?>
<testng-results ignored="0" total="1" passed="1" failed="0" skipped="0">
  <reporter-output>
  </reporter-output>
  <suite started-at="2023-04-11T17:18:26 IST" name="Default suite" finished-at="2023-04-11T17:18:45 IST" duration-ms="19805">
    <groups>
    </groups>
    <test started-at="2023-04-11T17:18:26 IST" name="Default test" finished-at="2023-04-11T17:18:45 IST" duration-ms="19805">
      <class name="com.sample.SeleniumGridPractise">
        <test-method signature="test()[pri:0, instance:com.sample.SeleniumGridPractise@5403f35f]" started-at="2023-04-11T17:18:26 IST" name="test" finished-at="2023-04-11T17:18:45 IST" duration-ms="19685" status="PASS">
          <reporter-output>
          </reporter-output>
        </test-method> <!-- test -->
      </class> <!-- com.sample.SeleniumGridPractise -->
    </test> <!-- Default test -->
  </suite> <!-- Default suite -->
</testng-results>
