<?xml version="1.0" encoding="UTF-8"?>
<!-- Generated by org.testng.reporters.JUnitXMLReporter -->
<testsuite ignored="2" hostname="DESKTOP-FUGEFD6" failures="0" tests="2" name="Test" time="20.318" errors="0" timestamp="2023-04-06T15:17:26 IST">
  <testcase classname="createAccount.OpenAccountBaseClass" name="createAccount" time="7.442"/>
  <testcase classname="ApplyDebitCard.ApplyDebitCardBaseClass" name="applyDebitCard" time="1.425"/>
  <testcase classname="com.GenericUtilities.BaseClass" name="@BeforeSuite connectToDB" time="0.0">
    <ignored/>
  </testcase> <!-- @BeforeSuite connectToDB -->
  <testcase classname="com.GenericUtilities.BaseClass" name="@AfterSuite configAS" time="0.0">
    <ignored/>
  </testcase> <!-- @AfterSuite configAS -->
</testsuite> <!-- Test -->
